07-06 15:26:12 com_github_MitjaNemec_ReplicateLayout.action_replicate_layout 400:Plugin executed on: 'win32'
07-06 15:26:12 com_github_MitjaNemec_ReplicateLayout.action_replicate_layout 401:Plugin executed with python version: '3.9.16 (main, May 18 2023, 07:48:16) [MSC v.1936 64 bit (AMD64)]'
07-06 15:26:12 com_github_MitjaNemec_ReplicateLayout.action_replicate_layout 402:KiCad build version: 7.0.5
07-06 15:26:12 com_github_MitjaNemec_ReplicateLayout.action_replicate_layout 403:Plugin version: 2.1.0
07-06 15:26:12 com_github_MitjaNemec_ReplicateLayout.action_replicate_layout 404:Frame repr: <wx._core.Frame object at 0x000001E281CBEAF0>
07-06 15:26:12 com_github_MitjaNemec_ReplicateLayout.action_replicate_layout 428:Preparing replicator with U1 as a reference
07-06 15:26:12 com_github_MitjaNemec_ReplicateLayout.replicate_layout 116:getting a list of all footprints on board
07-06 15:26:12 com_github_MitjaNemec_ReplicateLayout.action_replicate_layout 476:source anchor footprint is 'U1'
Located on: ['LNA Biasing']
With filenames: ['LNA_Biasing.kicad_sch']
With sheet_id:['LNA Biasing']
07-06 15:26:12 com_github_MitjaNemec_ReplicateLayout.action_replicate_layout 483:Corresponding footprints are 
[('U2', ['LNA Biasing1']), ('U1', ['LNA Biasing'])]
07-06 15:26:12 com_github_MitjaNemec_ReplicateLayout.action_replicate_layout 495:Showing dialog
07-06 15:26:12 com_github_MitjaNemec_ReplicateLayout.replicate_layout 403:constructing a list of sheets suitable for replication on level:'LNA Biasing', file:'LNA_Biasing.kicad_sch'
07-06 15:26:12 com_github_MitjaNemec_ReplicateLayout.replicate_layout 440:suitable sheets are:[['LNA Biasing1']]
07-06 15:26:12 com_github_MitjaNemec_ReplicateLayout.replicate_layout 1411:Level selected: ['LNA Biasing']
07-06 15:26:12 com_github_MitjaNemec_ReplicateLayout.replicate_layout 1246:Filtering list of tracks
07-06 15:26:12 com_github_MitjaNemec_ReplicateLayout.action_replicate_layout 501:Toolbar position: wx.Point(1883, 80)
07-06 15:26:12 com_github_MitjaNemec_ReplicateLayout.action_replicate_layout 506:Dialog position: wx.Point(1521, 80)
07-06 15:26:21 com_github_MitjaNemec_ReplicateLayout.replicate_layout 403:constructing a list of sheets suitable for replication on level:'LNA Biasing', file:'LNA_Biasing.kicad_sch'
07-06 15:26:21 com_github_MitjaNemec_ReplicateLayout.replicate_layout 440:suitable sheets are:[['LNA Biasing1']]
07-06 15:26:21 com_github_MitjaNemec_ReplicateLayout.action_replicate_layout 248:Replicating layout
07-06 15:26:21 com_github_MitjaNemec_ReplicateLayout.replicate_layout 239:Starting replication of sheets: [['LNA Biasing1']]
on level: ['LNA Biasing']
with tracks=True, zone=True, text=True, text=True, intersecting=False, remove=True, locked footprints=False, group_only=False
07-06 15:26:21 root 340:updating GUI message: 'Preparing for replication'
07-06 15:26:21 root 345:updating GUI with: 0
07-06 15:26:21 com_github_MitjaNemec_ReplicateLayout.replicate_layout 309:Getting the list of source footprints
07-06 15:26:21 com_github_MitjaNemec_ReplicateLayout.replicate_layout 319:Getting the list of all the remaining footprints
07-06 15:26:21 com_github_MitjaNemec_ReplicateLayout.replicate_layout 326:Getting source tracks
07-06 15:26:21 com_github_MitjaNemec_ReplicateLayout.replicate_layout 1246:Filtering list of tracks
07-06 15:26:21 com_github_MitjaNemec_ReplicateLayout.replicate_layout 330:Getting source zones
07-06 15:26:21 com_github_MitjaNemec_ReplicateLayout.replicate_layout 334:Getting source text items
07-06 15:26:21 root 345:updating GUI with: 66
07-06 15:26:21 com_github_MitjaNemec_ReplicateLayout.replicate_layout 338:Getting source drawing items
07-06 15:26:21 com_github_MitjaNemec_ReplicateLayout.replicate_layout 271:Removing tracks and zones, before footprint placement
07-06 15:26:21 root 340:updating GUI message: 'Removing zones and tracks'
07-06 15:26:21 com_github_MitjaNemec_ReplicateLayout.replicate_layout 1192:Remove bounding box top:104439000, bottom:112849689, Left:148464000, Right:165757000
07-06 15:26:21 root 340:updating GUI message: 'Replicating footprints'
07-06 15:26:21 com_github_MitjaNemec_ReplicateLayout.replicate_layout 754:Replicating footprints
07-06 15:26:21 root 345:updating GUI with: 0
07-06 15:26:21 com_github_MitjaNemec_ReplicateLayout.replicate_layout 761:Replicating footprints on sheet ['LNA Biasing1']
07-06 15:26:21 com_github_MitjaNemec_ReplicateLayout.replicate_layout 279:Removing tracks and zones, after footprint placement
07-06 15:26:21 root 340:updating GUI message: 'Removing zones and tracks'
07-06 15:26:21 com_github_MitjaNemec_ReplicateLayout.replicate_layout 1192:Remove bounding box top:104290000, bottom:112849689, Left:148464000, Right:165757000
07-06 15:26:21 root 340:updating GUI message: 'Replicating tracks'
07-06 15:26:21 com_github_MitjaNemec_ReplicateLayout.replicate_layout 924:Replicating tracks
07-06 15:26:21 com_github_MitjaNemec_ReplicateLayout.replicate_layout 930:Replicating tracks on sheet ['LNA Biasing1']
07-06 15:26:21 com_github_MitjaNemec_ReplicateLayout.replicate_layout 749:Net pairs for sheet ['LNA Biasing1'] :[('/LNA Biasing/LNA-IN', '/LNA Biasing1/LNA-IN'), ('Net-(U1-LADJ)', 'Net-(U2-LADJ)'), ('Net-(U1-RF-OUT)', 'Net-(U2-RF-OUT)'), ('GND', 'GND'), ('/LNA Biasing/LNA-OUT', '/LNA Biasing1/LNA-OUT'), ('unconnected-(U1-NC-Pad7)', 'unconnected-(U2-NC-Pad7)'), ('unconnected-(U1-NC-Pad2)', 'unconnected-(U2-NC-Pad2)'), ('unconnected-(U1-NC-Pad8)', 'unconnected-(U2-NC-Pad8)'), ('unconnected-(U1-NC-Pad5)', 'unconnected-(U2-NC-Pad5)'), ('Vdd1', 'Vdd2'), ('Net-(U1-RF-IN)', 'Net-(U2-RF-IN)')]
07-06 15:26:21 root 340:updating GUI message: 'Replicating zones'
07-06 15:26:21 com_github_MitjaNemec_ReplicateLayout.replicate_layout 994:Replicating zones
07-06 15:26:21 root 345:updating GUI with: 0
07-06 15:26:21 com_github_MitjaNemec_ReplicateLayout.replicate_layout 1001:Replicating zones on sheet ['LNA Biasing1']
07-06 15:26:21 com_github_MitjaNemec_ReplicateLayout.replicate_layout 749:Net pairs for sheet ['LNA Biasing1'] :[('/LNA Biasing/LNA-IN', '/LNA Biasing1/LNA-IN'), ('Net-(U1-LADJ)', 'Net-(U2-LADJ)'), ('Net-(U1-RF-OUT)', 'Net-(U2-RF-OUT)'), ('GND', 'GND'), ('/LNA Biasing/LNA-OUT', '/LNA Biasing1/LNA-OUT'), ('unconnected-(U1-NC-Pad7)', 'unconnected-(U2-NC-Pad7)'), ('unconnected-(U1-NC-Pad2)', 'unconnected-(U2-NC-Pad2)'), ('unconnected-(U1-NC-Pad8)', 'unconnected-(U2-NC-Pad8)'), ('unconnected-(U1-NC-Pad5)', 'unconnected-(U2-NC-Pad5)'), ('Vdd1', 'Vdd2'), ('Net-(U1-RF-IN)', 'Net-(U2-RF-IN)')]
07-06 15:26:21 root 340:updating GUI message: 'Replicating text'
07-06 15:26:21 com_github_MitjaNemec_ReplicateLayout.replicate_layout 1083:Replicating text
07-06 15:26:21 com_github_MitjaNemec_ReplicateLayout.replicate_layout 1090:Replicating text on sheet ['LNA Biasing1']
07-06 15:26:21 root 340:updating GUI message: 'Replicating drawings'
07-06 15:26:21 com_github_MitjaNemec_ReplicateLayout.replicate_layout 1134:Replicating drawings
07-06 15:26:21 com_github_MitjaNemec_ReplicateLayout.replicate_layout 1140:Replicating drawings on sheet ['LNA Biasing1']
07-06 15:26:21 com_github_MitjaNemec_ReplicateLayout.action_replicate_layout 264:Replication complete
